<?xml version="1.0" encoding="UTF-8"?>
<testsuite name="com.rickandmorty.api.CharacterServiceImplTest" tests="1" skipped="0" failures="0" errors="0" timestamp="2021-11-22T11:26:37" hostname="users-Mac-mini.local" time="3.533">
  <properties/>
  <testcase name="Try save character (Test saveCharacter ) " classname="com.rickandmorty.api.CharacterServiceImplTest" time="3.533"/>
  <system-out><![CDATA[13:26:38.380 [Test worker] DEBUG io.mockk.impl.instantiation.AbstractMockFactory - Creating mockk for CharacterServiceImpl name=#1
13:26:40.260 [Test worker] DEBUG io.mockk.impl.instantiation.AbstractMockFactory - Creating spyk for Character name=#2
13:26:40.911 [Test worker] DEBUG io.mockk.impl.instantiation.AbstractMockFactory - Creating mockk for Character name=child of #1#3
13:26:40.946 [Test worker] DEBUG io.mockk.impl.instantiation.AbstractMockFactory - Creating mockk for Character name=child of #1#4
13:26:40.955 [Test worker] DEBUG io.mockk.impl.recording.states.AnsweringState - Answering Character(#2) on CharacterServiceImpl(#1).getCharacterById(99)
13:26:40.958 [Test worker] DEBUG io.mockk.impl.recording.states.AnsweringState - Answering true on Character(#2).equals(Character(#2))
]]></system-out>
  <system-err><![CDATA[]]></system-err>
</testsuite>
